TN:
SF:/Users/BenCodeZen/Projects/cloneflix-react-with-bholt/js/Search.jsx
FN:6,getInitialState
FN:11,handleSearchTermEvent
FN:14,render
FN:23,(anonymous_5)
FN:24,(anonymous_6)
FNF:5
FNH:5
FNDA:3,getInitialState
FNDA:1,handleSearchTermEvent
FNDA:4,render
FNDA:84,(anonymous_5)
FNDA:65,(anonymous_6)
DA:1,1
DA:2,1
DA:3,1
DA:5,1
DA:7,3
DA:12,1
DA:15,4
DA:34,1
LF:8
LH:8
BRF:0
BRH:0
end_of_record
TN:
SF:/Users/BenCodeZen/Projects/cloneflix-react-with-bholt/js/ShowCard.jsx
FN:3,ShowCard
FNF:1
FNH:1
FNDA:23,ShowCard
DA:1,1
DA:3,1
DA:16,1
DA:23,1
LF:4
LH:4
BRF:0
BRH:0
end_of_record
